<?xml version="1.0" encoding="UTF-8"?>
<!-- Generated by org.testng.reporters.JUnitXMLReporter -->
<testsuite hostname="DESKTOP-5Q10T39" ignored="0" name="Default test" tests="3" failures="0" timestamp="2020-07-12T16:17:24 ICT" time="15.989" errors="0">
  <testcase name="LaunchWebsite" time="4.635" classname="poly.Lab08.SaveTestNGResultToExcel"/>
  <testcase name="FillLoginDetails" time="1.47" classname="poly.Lab08.SaveTestNGResultToExcel"/>
  <testcase name="DoLogin" time="1.082" classname="poly.Lab08.SaveTestNGResultToExcel"/>
</testsuite> <!-- Default test -->
