<?xml version="1.0" encoding="UTF-8"?>
<!-- Generated by org.testng.reporters.JUnitXMLReporter -->
<testsuite hostname="DESKTOP-5Q10T39" ignored="0" name="Test" tests="3" failures="2" timestamp="2020-06-23T20:42:28 ICT" time="15.225" errors="0">
  <testcase name="LaunchWebsite" time="4.904" classname="poly.Lab08.SaveTestNGResultToExcel"/>
  <testcase name="FillLoginDetails" time="0.321" classname="poly.Lab08.SaveTestNGResultToExcel">
    <failure type="java.lang.AssertionError" message="expected [true] but found [false]">
      <![CDATA[java.lang.AssertionError: expected [true] but found [false]
at poly.Lab08.SaveTestNGResultToExcel.FillLoginDetails(SaveTestNGResultToExcel.java:89)
at java.util.ArrayList.forEach(Unknown Source)
... Removed 31 stack frames]]>
    </failure>
  </testcase> <!-- FillLoginDetails -->
  <testcase name="DoLogin" time="6.175" classname="poly.Lab08.SaveTestNGResultToExcel">
    <failure type="java.lang.AssertionError" message="expected [true] but found [false]">
      <![CDATA[java.lang.AssertionError: expected [true] but found [false]
at poly.Lab08.SaveTestNGResultToExcel.DoLogin(SaveTestNGResultToExcel.java:108)
at java.util.ArrayList.forEach(Unknown Source)
... Removed 31 stack frames]]>
    </failure>
  </testcase> <!-- DoLogin -->
</testsuite> <!-- Test -->
